<?xml version="1.0" encoding="UTF-8"?>
<coverage generated="1779371755339" clover="3.2.0">
  <project timestamp="1779371755339" name="All files">
    <metrics statements="12" coveredstatements="10" conditionals="4" coveredconditionals="3" methods="3" coveredmethods="2" elements="19" coveredelements="15" complexity="0" loc="12" ncloc="12" packages="1" files="1" classes="1"/>
    <file name="app.js" path="/home/joaosparapan/ci-cd-project/src/app.js">
      <metrics statements="12" coveredstatements="10" conditionals="4" coveredconditionals="3" methods="3" coveredmethods="2"/>
      <line num="1" count="1" type="stmt"/>
      <line num="2" count="1" type="stmt"/>
      <line num="3" count="1" type="cond" truecount="2" falsecount="0"/>
      <line num="5" count="1" type="stmt"/>
      <line num="8" count="1" type="stmt"/>
      <line num="9" count="1" type="stmt"/>
      <line num="13" count="1" type="stmt"/>
      <line num="14" count="1" type="stmt"/>
      <line num="21" count="1" type="cond" truecount="1" falsecount="1"/>
      <line num="22" count="0" type="stmt"/>
      <line num="23" count="0" type="stmt"/>
      <line num="27" count="1" type="stmt"/>
    </file>
  </project>
</coverage>
